2021-06-19 11:52:40,930 - pyswarms.single.global_best - INFO - Optimize for 1000 iters with {'c1': 0.5, 'c2': 0.3, 'w': 0.9}
2021-06-19 11:54:04,996 - pyswarms.single.global_best - INFO - Optimization finished | best cost: 0.0074099239513588525, best pos: [-7.84116201e-01 -2.60929929e-02 -2.83329560e-01  5.48857101e-01
  9.00983010e-01 -7.74150042e-01  2.45661367e-01 -7.13575488e-01
 -1.89111781e-01 -1.68514700e-01  1.16606601e+00 -1.58157876e+00
 -1.45377009e-01 -2.22134390e-01  5.44092915e-01  4.25909239e-01
  6.79492876e-01  8.71860625e-01  4.23207664e-01  1.28367622e-01
 -2.09380651e+00 -3.82523872e-01 -8.77038191e-01 -1.31443465e-02
 -4.10679546e-01 -9.80450938e-01 -2.19995967e+00 -1.02591894e+00
 -1.31632934e+00  1.51165833e+01 -3.76068089e-01 -2.81520068e-02
  2.32037329e+00 -2.10214997e-01 -3.04280155e-01  3.94626172e-01
 -2.28895463e-01 -5.73664632e-01 -6.36726516e-01  1.58055486e+00
 -5.18814335e-01 -2.06937696e-01  1.33104446e+00 -1.06458975e-01
 -4.84206133e-01 -1.95723449e-01 -8.81547747e-01 -5.37448323e-01
  1.13878877e+00  1.20905147e+00 -2.12569995e+00  1.97875770e+00
 -8.87341068e-01  1.22955240e-01 -1.30942964e+00 -2.66868416e-01
  1.04940342e+00 -1.41500712e+00 -1.05207319e-01 -8.93896118e-01
 -7.16276617e-02 -2.38035921e+00 -5.53701080e-03 -1.54912100e+00
  4.11015325e-02  2.43702602e-01 -3.42197777e-01  1.38623234e-01
  4.71343996e-01 -3.01748138e+01 -1.11852814e-01 -1.77994503e-01
  5.57216686e-01  1.22164861e+00 -1.61048986e+00 -3.89071503e-02
  2.04018260e-01 -1.81787691e+00 -1.16563548e+00 -2.44534235e+00
  1.91108312e+00 -1.24357926e-01 -7.35408680e-01  5.84775306e-01
 -8.72491601e-01  1.62830563e+00 -1.56685239e-01  8.15020283e-01
 -5.12953483e-01 -5.45887197e-01  2.16834621e-01 -8.75719928e-01
 -2.54529047e+00 -1.86924034e-01  6.63434536e-01  4.73240962e-01
  1.50224465e+00  1.50527767e+00  5.31918948e-01  1.83540125e+00
 -7.76136131e-01 -3.30763892e-01 -6.53371801e-01 -4.44520445e-01
 -4.30974614e-03 -7.52102775e-03 -5.01785744e+01  4.79854854e-02
  7.54852909e-01  2.90140187e-01  4.79956125e+01 -6.99069163e+00
 -7.40536621e-01 -4.98339499e+01  2.14561333e+00  5.51399942e-01
 -1.05252494e+00  1.74571905e+00  6.46948403e-01 -8.23435581e-02
 -5.35783266e-01  1.88797579e+00 -1.04329560e-01 -2.56627611e-01
  4.50011620e-01 -3.53391416e+01  9.87377047e-01  3.82681972e-02
 -1.36680947e+00  4.56722549e+00 -1.94301688e-02 -5.43793256e-01
 -4.21972105e-01 -1.50646667e-01 -5.13317041e-01 -1.68241665e-01
  2.04745899e+00 -1.43819979e+00  7.81898669e-01 -2.59247766e-02
 -2.80182919e+00 -1.03711970e+00  1.01451875e+00 -7.04211846e-01
 -3.44311118e-01 -1.36585074e+00  4.53535665e-01 -1.17757647e-01
  3.25230934e+00 -1.45760277e+00  1.64603742e+00 -5.49181442e-01
 -9.72621390e-02  5.70328054e+00  1.39074117e-01  6.73088622e-01
 -4.09201363e-01  4.94399101e-01  4.60125362e-01 -6.98143884e-01
 -8.79758012e-03  2.52639054e-01 -2.52184699e+01]
